mktextfm FontAwesome
mktextfm FontAwesome
mktextfm FontAwesome
mktextfm FontAwesome/BI
mktextfm FontAwesome
mktextfm FontAwesome/B
mktextfm FontAwesome
mktextfm FontAwesome/I
mktextfm FontAwesome
mktextfm FontAwesome
mktextfm Carlito
mktextfm Carlito
mktextfm Carlito
mktextfm Carlito/BI
mktextfm Carlito
mktextfm Carlito/B
mktextfm Carlito
mktextfm Carlito/I
mktextfm Carlito
mktextfm Carlito
mktextfm Carlito
mktextfm Carlito
mktextfm Carlito
mktextfm Carlito
mktextfm Carlito
mktextfm Carlito
mktextfm FontAwesome
mktextfm Carlito
mktextfm Carlito
mktextfm FontAwesome
mktextfm Carlito
mktextfm FontAwesome
mktextfm Carlito
mktextfm Carlito
mktextfm Carlito
mktextfm Carlito
mktextfm FontAwesome
mktextfm FontAwesome
mktextfm Carlito
mktextfm FontAwesome
mktextfm FontAwesome
mktextfm FontAwesome
mktextfm FontAwesome/BI
mktextfm FontAwesome
mktextfm FontAwesome/B
mktextfm FontAwesome
mktextfm FontAwesome/I
mktextfm FontAwesome
mktextfm FontAwesome
mktextfm Carlito
mktextfm Carlito
mktextfm Carlito
mktextfm Carlito/BI
mktextfm Carlito
mktextfm Carlito/B
mktextfm Carlito
mktextfm Carlito/I
mktextfm Carlito
mktextfm Carlito
mktextfm Carlito
mktextfm Carlito
mktextfm Carlito
mktextfm Carlito
mktextfm Carlito
mktextfm Carlito
mktextfm FontAwesome
mktextfm Carlito
mktextfm Carlito
mktextfm FontAwesome
mktextfm Carlito
mktextfm FontAwesome
mktextfm Carlito
mktextfm Carlito
mktextfm Carlito
mktextfm Carlito
mktextfm FontAwesome
mktextfm FontAwesome
mktextfm Carlito
